{"D:\\UNIVERSIDAD\\4º CARRERA\\TFG\\PROYECTO-TFG\\Proyecto-TFG\\Backend\\src\\app.js": {"path":"D:\\UNIVERSIDAD\\4º CARRERA\\TFG\\PROYECTO-TFG\\Proyecto-TFG\\Backend\\src\\app.js","statementMap":{"0":{"start":{"line":1,"column":18},"end":{"line":1,"column":40}},"1":{"start":{"line":2,"column":14},"end":{"line":2,"column":32}},"2":{"start":{"line":3,"column":11},"end":{"line":3,"column":26}},"3":{"start":{"line":4,"column":19},"end":{"line":4,"column":43}},"4":{"start":{"line":5,"column":13},"end":{"line":5,"column":30}},"5":{"start":{"line":6,"column":11},"end":{"line":6,"column":26}},"6":{"start":{"line":8,"column":18},"end":{"line":8,"column":43}},"7":{"start":{"line":9,"column":18},"end":{"line":9,"column":43}},"8":{"start":{"line":10,"column":19},"end":{"line":10,"column":51}},"9":{"start":{"line":11,"column":23},"end":{"line":11,"column":53}},"10":{"start":{"line":12,"column":21},"end":{"line":12,"column":49}},"11":{"start":{"line":13,"column":14},"end":{"line":13,"column":36}},"12":{"start":{"line":14,"column":17},"end":{"line":14,"column":47}},"13":{"start":{"line":16,"column":10},"end":{"line":16,"column":19}},"14":{"start":{"line":19,"column":0},"end":{"line":22,"column":4}},"15":{"start":{"line":27,"column":0},"end":{"line":27,"column":23}},"16":{"start":{"line":28,"column":0},"end":{"line":28,"column":24}},"17":{"start":{"line":29,"column":0},"end":{"line":29,"column":49}},"18":{"start":{"line":30,"column":0},"end":{"line":30,"column":24}},"19":{"start":{"line":31,"column":0},"end":{"line":31,"column":56}},"20":{"start":{"line":33,"column":0},"end":{"line":33,"column":26}},"21":{"start":{"line":34,"column":0},"end":{"line":34,"column":31}},"22":{"start":{"line":35,"column":0},"end":{"line":35,"column":37}},"23":{"start":{"line":36,"column":0},"end":{"line":36,"column":45}},"24":{"start":{"line":37,"column":0},"end":{"line":37,"column":41}},"25":{"start":{"line":38,"column":0},"end":{"line":38,"column":28}},"26":{"start":{"line":39,"column":0},"end":{"line":39,"column":32}},"27":{"start":{"line":43,"column":0},"end":{"line":45,"column":3}},"28":{"start":{"line":44,"column":2},"end":{"line":44,"column":56}},"29":{"start":{"line":48,"column":0},"end":{"line":53,"column":3}},"30":{"start":{"line":49,"column":2},"end":{"line":52,"column":5}},"31":{"start":{"line":55,"column":0},"end":{"line":55,"column":21}}},"fnMap":{"0":{"name":"(anonymous_0)","decl":{"start":{"line":43,"column":8},"end":{"line":43,"column":9}},"loc":{"start":{"line":43,"column":33},"end":{"line":45,"column":1}},"line":43},"1":{"name":"(anonymous_1)","decl":{"start":{"line":48,"column":8},"end":{"line":48,"column":9}},"loc":{"start":{"line":48,"column":38},"end":{"line":53,"column":1}},"line":48}},"branchMap":{"0":{"loc":{"start":{"line":49,"column":13},"end":{"line":49,"column":30}},"type":"binary-expr","locations":[{"start":{"line":49,"column":13},"end":{"line":49,"column":23}},{"start":{"line":49,"column":27},"end":{"line":49,"column":30}}],"line":49},"1":{"loc":{"start":{"line":51,"column":13},"end":{"line":51,"column":60}},"type":"cond-expr","locations":[{"start":{"line":51,"column":52},"end":{"line":51,"column":55}},{"start":{"line":51,"column":58},"end":{"line":51,"column":60}}],"line":51}},"s":{"0":0,"1":0,"2":0,"3":0,"4":0,"5":0,"6":0,"7":0,"8":0,"9":0,"10":0,"11":0,"12":0,"13":0,"14":0,"15":0,"16":0,"17":0,"18":0,"19":0,"20":0,"21":0,"22":0,"23":0,"24":0,"25":0,"26":0,"27":0,"28":0,"29":0,"30":0,"31":0},"f":{"0":0,"1":0},"b":{"0":[0,0],"1":[0,0]}}
,"D:\\UNIVERSIDAD\\4º CARRERA\\TFG\\PROYECTO-TFG\\Proyecto-TFG\\Backend\\src\\config\\database.js": {"path":"D:\\UNIVERSIDAD\\4º CARRERA\\TFG\\PROYECTO-TFG\\Proyecto-TFG\\Backend\\src\\config\\database.js","statementMap":{"0":{"start":{"line":1,"column":17},"end":{"line":1,"column":36}},"1":{"start":{"line":3,"column":18},"end":{"line":23,"column":1}},"2":{"start":{"line":4,"column":21},"end":{"line":4,"column":52}},"3":{"start":{"line":5,"column":17},"end":{"line":5,"column":50}},"4":{"start":{"line":7,"column":2},"end":{"line":10,"column":3}},"5":{"start":{"line":8,"column":4},"end":{"line":8,"column":95}},"6":{"start":{"line":9,"column":4},"end":{"line":9,"column":20}},"7":{"start":{"line":12,"column":18},"end":{"line":12,"column":43}},"8":{"start":{"line":14,"column":2},"end":{"line":22,"column":7}},"9":{"start":{"line":16,"column":6},"end":{"line":16,"column":52}},"10":{"start":{"line":17,"column":6},"end":{"line":17,"column":46}},"11":{"start":{"line":20,"column":6},"end":{"line":20,"column":65}},"12":{"start":{"line":21,"column":6},"end":{"line":21,"column":22}},"13":{"start":{"line":25,"column":0},"end":{"line":25,"column":27}}},"fnMap":{"0":{"name":"(anonymous_0)","decl":{"start":{"line":3,"column":18},"end":{"line":3,"column":19}},"loc":{"start":{"line":3,"column":24},"end":{"line":23,"column":1}},"line":3},"1":{"name":"(anonymous_1)","decl":{"start":{"line":15,"column":10},"end":{"line":15,"column":11}},"loc":{"start":{"line":15,"column":16},"end":{"line":18,"column":5}},"line":15},"2":{"name":"(anonymous_2)","decl":{"start":{"line":19,"column":11},"end":{"line":19,"column":12}},"loc":{"start":{"line":19,"column":18},"end":{"line":22,"column":5}},"line":19}},"branchMap":{"0":{"loc":{"start":{"line":7,"column":2},"end":{"line":10,"column":3}},"type":"if","locations":[{"start":{"line":7,"column":2},"end":{"line":10,"column":3}},{"start":{},"end":{}}],"line":7},"1":{"loc":{"start":{"line":7,"column":6},"end":{"line":7,"column":28}},"type":"binary-expr","locations":[{"start":{"line":7,"column":6},"end":{"line":7,"column":17}},{"start":{"line":7,"column":21},"end":{"line":7,"column":28}}],"line":7}},"s":{"0":0,"1":0,"2":0,"3":0,"4":0,"5":0,"6":0,"7":0,"8":0,"9":0,"10":0,"11":0,"12":0,"13":0},"f":{"0":0,"1":0,"2":0},"b":{"0":[0,0],"1":[0,0]}}
,"D:\\UNIVERSIDAD\\4º CARRERA\\TFG\\PROYECTO-TFG\\Proyecto-TFG\\Backend\\src\\models\\AnalyzedActivity.model.js": {"path":"D:\\UNIVERSIDAD\\4º CARRERA\\TFG\\PROYECTO-TFG\\Proyecto-TFG\\Backend\\src\\models\\AnalyzedActivity.model.js","statementMap":{"0":{"start":{"line":1,"column":17},"end":{"line":1,"column":36}},"1":{"start":{"line":3,"column":31},"end":{"line":33,"column":2}},"2":{"start":{"line":36,"column":0},"end":{"line":36,"column":77}},"3":{"start":{"line":38,"column":25},"end":{"line":38,"column":83}},"4":{"start":{"line":40,"column":0},"end":{"line":40,"column":34}}},"fnMap":{},"branchMap":{},"s":{"0":0,"1":0,"2":0,"3":0,"4":0},"f":{},"b":{}}
,"D:\\UNIVERSIDAD\\4º CARRERA\\TFG\\PROYECTO-TFG\\Proyecto-TFG\\Backend\\src\\models\\StravaActivity.model.js": {"path":"D:\\UNIVERSIDAD\\4º CARRERA\\TFG\\PROYECTO-TFG\\Proyecto-TFG\\Backend\\src\\models\\StravaActivity.model.js","statementMap":{"0":{"start":{"line":2,"column":17},"end":{"line":2,"column":36}},"1":{"start":{"line":4,"column":29},"end":{"line":110,"column":2}},"2":{"start":{"line":112,"column":0},"end":{"line":112,"column":72}}},"fnMap":{},"branchMap":{},"s":{"0":0,"1":0,"2":0},"f":{},"b":{}}
,"D:\\UNIVERSIDAD\\4º CARRERA\\TFG\\PROYECTO-TFG\\Proyecto-TFG\\Backend\\src\\models\\User.model.js": {"path":"D:\\UNIVERSIDAD\\4º CARRERA\\TFG\\PROYECTO-TFG\\Proyecto-TFG\\Backend\\src\\models\\User.model.js","statementMap":{"0":{"start":{"line":2,"column":17},"end":{"line":2,"column":36}},"1":{"start":{"line":4,"column":19},"end":{"line":30,"column":2}},"2":{"start":{"line":32,"column":0},"end":{"line":32,"column":52}}},"fnMap":{},"branchMap":{},"s":{"0":0,"1":0,"2":0},"f":{},"b":{}}
,"D:\\UNIVERSIDAD\\4º CARRERA\\TFG\\PROYECTO-TFG\\Proyecto-TFG\\Backend\\src\\routes\\GroqRoutes.js": {"path":"D:\\UNIVERSIDAD\\4º CARRERA\\TFG\\PROYECTO-TFG\\Proyecto-TFG\\Backend\\src\\routes\\GroqRoutes.js","statementMap":{"0":{"start":{"line":1,"column":16},"end":{"line":1,"column":34}},"1":{"start":{"line":2,"column":15},"end":{"line":2,"column":31}},"2":{"start":{"line":3,"column":13},"end":{"line":3,"column":32}},"3":{"start":{"line":5,"column":13},"end":{"line":5,"column":59}},"4":{"start":{"line":7,"column":0},"end":{"line":103,"column":2}},"5":{"start":{"line":8,"column":4},"end":{"line":102,"column":5}},"6":{"start":{"line":13,"column":12},"end":{"line":13,"column":20}},"7":{"start":{"line":15,"column":31},"end":{"line":17,"column":20}},"8":{"start":{"line":16,"column":12},"end":{"line":16,"column":440}},"9":{"start":{"line":19,"column":22},"end":{"line":77,"column":113}},"10":{"start":{"line":79,"column":27},"end":{"line":84,"column":10}},"11":{"start":{"line":86,"column":23},"end":{"line":86,"column":68}},"12":{"start":{"line":89,"column":8},"end":{"line":89,"column":75}},"13":{"start":{"line":92,"column":8},"end":{"line":95,"column":9}},"14":{"start":{"line":93,"column":27},"end":{"line":93,"column":53}},"15":{"start":{"line":94,"column":12},"end":{"line":94,"column":86}},"16":{"start":{"line":97,"column":8},"end":{"line":97,"column":30}},"17":{"start":{"line":100,"column":8},"end":{"line":100,"column":41}},"18":{"start":{"line":101,"column":8},"end":{"line":101,"column":71}},"19":{"start":{"line":105,"column":0},"end":{"line":105,"column":23}}},"fnMap":{"0":{"name":"(anonymous_0)","decl":{"start":{"line":7,"column":25},"end":{"line":7,"column":26}},"loc":{"start":{"line":7,"column":45},"end":{"line":103,"column":1}},"line":7},"1":{"name":"(anonymous_1)","decl":{"start":{"line":15,"column":45},"end":{"line":15,"column":46}},"loc":{"start":{"line":16,"column":12},"end":{"line":16,"column":440}},"line":16}},"branchMap":{"0":{"loc":{"start":{"line":16,"column":218},"end":{"line":16,"column":250}},"type":"cond-expr","locations":[{"start":{"line":16,"column":242},"end":{"line":16,"column":245}},{"start":{"line":16,"column":248},"end":{"line":16,"column":250}}],"line":16},"1":{"loc":{"start":{"line":16,"column":295},"end":{"line":16,"column":328}},"type":"cond-expr","locations":[{"start":{"line":16,"column":320},"end":{"line":16,"column":323}},{"start":{"line":16,"column":326},"end":{"line":16,"column":328}}],"line":16},"2":{"loc":{"start":{"line":16,"column":378},"end":{"line":16,"column":413}},"type":"cond-expr","locations":[{"start":{"line":16,"column":405},"end":{"line":16,"column":408}},{"start":{"line":16,"column":411},"end":{"line":16,"column":413}}],"line":16},"3":{"loc":{"start":{"line":30,"column":59},"end":{"line":30,"column":280}},"type":"cond-expr","locations":[{"start":{"line":30,"column":97},"end":{"line":30,"column":168}},{"start":{"line":30,"column":171},"end":{"line":30,"column":280}}],"line":30},"4":{"loc":{"start":{"line":30,"column":171},"end":{"line":30,"column":280}},"type":"cond-expr","locations":[{"start":{"line":30,"column":209},"end":{"line":30,"column":242}},{"start":{"line":30,"column":245},"end":{"line":30,"column":280}}],"line":30},"5":{"loc":{"start":{"line":33,"column":74},"end":{"line":33,"column":180}},"type":"cond-expr","locations":[{"start":{"line":33,"column":90},"end":{"line":33,"column":124}},{"start":{"line":33,"column":127},"end":{"line":33,"column":180}}],"line":33},"6":{"loc":{"start":{"line":33,"column":127},"end":{"line":33,"column":180}},"type":"cond-expr","locations":[{"start":{"line":33,"column":143},"end":{"line":33,"column":158}},{"start":{"line":33,"column":161},"end":{"line":33,"column":180}}],"line":33},"7":{"loc":{"start":{"line":86,"column":23},"end":{"line":86,"column":68}},"type":"binary-expr","locations":[{"start":{"line":86,"column":23},"end":{"line":86,"column":62}},{"start":{"line":86,"column":66},"end":{"line":86,"column":68}}],"line":86},"8":{"loc":{"start":{"line":92,"column":8},"end":{"line":95,"column":9}},"type":"if","locations":[{"start":{"line":92,"column":8},"end":{"line":95,"column":9}},{"start":{},"end":{}}],"line":92},"9":{"loc":{"start":{"line":94,"column":23},"end":{"line":94,"column":86}},"type":"cond-expr","locations":[{"start":{"line":94,"column":43},"end":{"line":94,"column":75}},{"start":{"line":94,"column":78},"end":{"line":94,"column":86}}],"line":94}},"s":{"0":0,"1":0,"2":0,"3":0,"4":0,"5":0,"6":0,"7":0,"8":0,"9":0,"10":0,"11":0,"12":0,"13":0,"14":0,"15":0,"16":0,"17":0,"18":0,"19":0},"f":{"0":0,"1":0},"b":{"0":[0,0],"1":[0,0],"2":[0,0],"3":[0,0],"4":[0,0],"5":[0,0],"6":[0,0],"7":[0,0],"8":[0,0],"9":[0,0]}}
,"D:\\UNIVERSIDAD\\4º CARRERA\\TFG\\PROYECTO-TFG\\Proyecto-TFG\\Backend\\src\\routes\\activities.js": {"path":"D:\\UNIVERSIDAD\\4º CARRERA\\TFG\\PROYECTO-TFG\\Proyecto-TFG\\Backend\\src\\routes\\activities.js","statementMap":{"0":{"start":{"line":1,"column":14},"end":{"line":1,"column":32}},"1":{"start":{"line":2,"column":21},"end":{"line":2,"column":62}},"2":{"start":{"line":3,"column":11},"end":{"line":3,"column":42}},"3":{"start":{"line":5,"column":15},"end":{"line":5,"column":31}},"4":{"start":{"line":8,"column":0},"end":{"line":23,"column":3}},"5":{"start":{"line":9,"column":2},"end":{"line":22,"column":3}},"6":{"start":{"line":10,"column":17},"end":{"line":10,"column":55}},"7":{"start":{"line":11,"column":4},"end":{"line":11,"column":79}},"8":{"start":{"line":11,"column":15},"end":{"line":11,"column":79}},"9":{"start":{"line":13,"column":23},"end":{"line":14,"column":30}},"10":{"start":{"line":16,"column":4},"end":{"line":19,"column":7}},"11":{"start":{"line":21,"column":4},"end":{"line":21,"column":51}},"12":{"start":{"line":26,"column":0},"end":{"line":35,"column":3}},"13":{"start":{"line":27,"column":2},"end":{"line":34,"column":3}},"14":{"start":{"line":28,"column":21},"end":{"line":28,"column":73}},"15":{"start":{"line":29,"column":4},"end":{"line":29,"column":85}},"16":{"start":{"line":29,"column":19},"end":{"line":29,"column":85}},"17":{"start":{"line":31,"column":4},"end":{"line":31,"column":23}},"18":{"start":{"line":33,"column":4},"end":{"line":33,"column":51}},"19":{"start":{"line":38,"column":0},"end":{"line":56,"column":3}},"20":{"start":{"line":39,"column":2},"end":{"line":55,"column":3}},"21":{"start":{"line":40,"column":17},"end":{"line":40,"column":55}},"22":{"start":{"line":41,"column":4},"end":{"line":41,"column":79}},"23":{"start":{"line":41,"column":15},"end":{"line":41,"column":79}},"24":{"start":{"line":43,"column":23},"end":{"line":46,"column":30}},"25":{"start":{"line":48,"column":4},"end":{"line":52,"column":7}},"26":{"start":{"line":54,"column":4},"end":{"line":54,"column":51}},"27":{"start":{"line":58,"column":0},"end":{"line":58,"column":24}}},"fnMap":{"0":{"name":"(anonymous_0)","decl":{"start":{"line":8,"column":23},"end":{"line":8,"column":24}},"loc":{"start":{"line":8,"column":43},"end":{"line":23,"column":1}},"line":8},"1":{"name":"(anonymous_1)","decl":{"start":{"line":26,"column":34},"end":{"line":26,"column":35}},"loc":{"start":{"line":26,"column":54},"end":{"line":35,"column":1}},"line":26},"2":{"name":"(anonymous_2)","decl":{"start":{"line":38,"column":42},"end":{"line":38,"column":43}},"loc":{"start":{"line":38,"column":62},"end":{"line":56,"column":1}},"line":38}},"branchMap":{"0":{"loc":{"start":{"line":11,"column":4},"end":{"line":11,"column":79}},"type":"if","locations":[{"start":{"line":11,"column":4},"end":{"line":11,"column":79}},{"start":{},"end":{}}],"line":11},"1":{"loc":{"start":{"line":29,"column":4},"end":{"line":29,"column":85}},"type":"if","locations":[{"start":{"line":29,"column":4},"end":{"line":29,"column":85}},{"start":{},"end":{}}],"line":29},"2":{"loc":{"start":{"line":41,"column":4},"end":{"line":41,"column":79}},"type":"if","locations":[{"start":{"line":41,"column":4},"end":{"line":41,"column":79}},{"start":{},"end":{}}],"line":41}},"s":{"0":1,"1":1,"2":1,"3":1,"4":1,"5":3,"6":3,"7":2,"8":1,"9":1,"10":1,"11":1,"12":1,"13":2,"14":2,"15":2,"16":1,"17":1,"18":0,"19":1,"20":2,"21":2,"22":2,"23":1,"24":1,"25":1,"26":0,"27":1},"f":{"0":3,"1":2,"2":2},"b":{"0":[1,1],"1":[1,1],"2":[1,1]},"_coverageSchema":"1a1c01bbd47fc00a2c39e90264f33305004495a9","hash":"169b381f97c60d6ad6e4215872360052b487b787"}
,"D:\\UNIVERSIDAD\\4º CARRERA\\TFG\\PROYECTO-TFG\\Proyecto-TFG\\Backend\\src\\routes\\analyzed.js": {"path":"D:\\UNIVERSIDAD\\4º CARRERA\\TFG\\PROYECTO-TFG\\Proyecto-TFG\\Backend\\src\\routes\\analyzed.js","statementMap":{"0":{"start":{"line":1,"column":16},"end":{"line":1,"column":34}},"1":{"start":{"line":2,"column":15},"end":{"line":2,"column":31}},"2":{"start":{"line":3,"column":25},"end":{"line":3,"column":68}},"3":{"start":{"line":9,"column":0},"end":{"line":53,"column":3}},"4":{"start":{"line":10,"column":2},"end":{"line":52,"column":3}},"5":{"start":{"line":11,"column":85},"end":{"line":11,"column":93}},"6":{"start":{"line":14,"column":4},"end":{"line":18,"column":5}},"7":{"start":{"line":15,"column":6},"end":{"line":17,"column":9}},"8":{"start":{"line":21,"column":19},"end":{"line":21,"column":73}},"9":{"start":{"line":22,"column":4},"end":{"line":26,"column":5}},"10":{"start":{"line":23,"column":6},"end":{"line":25,"column":9}},"11":{"start":{"line":29,"column":29},"end":{"line":36,"column":6}},"12":{"start":{"line":38,"column":4},"end":{"line":38,"column":34}},"13":{"start":{"line":40,"column":4},"end":{"line":40,"column":89}},"14":{"start":{"line":41,"column":4},"end":{"line":44,"column":7}},"15":{"start":{"line":47,"column":4},"end":{"line":47,"column":70}},"16":{"start":{"line":48,"column":4},"end":{"line":51,"column":7}},"17":{"start":{"line":59,"column":0},"end":{"line":76,"column":3}},"18":{"start":{"line":60,"column":2},"end":{"line":75,"column":3}},"19":{"start":{"line":61,"column":23},"end":{"line":61,"column":33}},"20":{"start":{"line":63,"column":31},"end":{"line":64,"column":31}},"21":{"start":{"line":66,"column":4},"end":{"line":66,"column":108}},"22":{"start":{"line":67,"column":4},"end":{"line":67,"column":33}},"23":{"start":{"line":70,"column":4},"end":{"line":70,"column":71}},"24":{"start":{"line":71,"column":4},"end":{"line":74,"column":7}},"25":{"start":{"line":82,"column":0},"end":{"line":107,"column":3}},"26":{"start":{"line":83,"column":2},"end":{"line":106,"column":3}},"27":{"start":{"line":84,"column":19},"end":{"line":84,"column":29}},"28":{"start":{"line":86,"column":20},"end":{"line":86,"column":64}},"29":{"start":{"line":88,"column":4},"end":{"line":92,"column":5}},"30":{"start":{"line":89,"column":6},"end":{"line":91,"column":9}},"31":{"start":{"line":94,"column":4},"end":{"line":94,"column":70}},"32":{"start":{"line":95,"column":4},"end":{"line":98,"column":7}},"33":{"start":{"line":101,"column":4},"end":{"line":101,"column":69}},"34":{"start":{"line":102,"column":4},"end":{"line":105,"column":7}},"35":{"start":{"line":113,"column":0},"end":{"line":138,"column":3}},"36":{"start":{"line":114,"column":2},"end":{"line":137,"column":3}},"37":{"start":{"line":115,"column":35},"end":{"line":115,"column":45}},"38":{"start":{"line":117,"column":20},"end":{"line":117,"column":83}},"39":{"start":{"line":119,"column":4},"end":{"line":123,"column":5}},"40":{"start":{"line":120,"column":6},"end":{"line":122,"column":9}},"41":{"start":{"line":125,"column":4},"end":{"line":125,"column":92}},"42":{"start":{"line":126,"column":4},"end":{"line":129,"column":7}},"43":{"start":{"line":132,"column":4},"end":{"line":132,"column":69}},"44":{"start":{"line":133,"column":4},"end":{"line":136,"column":7}},"45":{"start":{"line":144,"column":0},"end":{"line":162,"column":3}},"46":{"start":{"line":145,"column":2},"end":{"line":161,"column":3}},"47":{"start":{"line":146,"column":35},"end":{"line":146,"column":45}},"48":{"start":{"line":148,"column":19},"end":{"line":148,"column":73}},"49":{"start":{"line":150,"column":4},"end":{"line":153,"column":7}},"50":{"start":{"line":156,"column":4},"end":{"line":156,"column":70}},"51":{"start":{"line":157,"column":4},"end":{"line":160,"column":7}},"52":{"start":{"line":164,"column":0},"end":{"line":164,"column":24}}},"fnMap":{"0":{"name":"(anonymous_0)","decl":{"start":{"line":9,"column":17},"end":{"line":9,"column":18}},"loc":{"start":{"line":9,"column":37},"end":{"line":53,"column":1}},"line":9},"1":{"name":"(anonymous_1)","decl":{"start":{"line":59,"column":23},"end":{"line":59,"column":24}},"loc":{"start":{"line":59,"column":43},"end":{"line":76,"column":1}},"line":59},"2":{"name":"(anonymous_2)","decl":{"start":{"line":82,"column":22},"end":{"line":82,"column":23}},"loc":{"start":{"line":82,"column":42},"end":{"line":107,"column":1}},"line":82},"3":{"name":"(anonymous_3)","decl":{"start":{"line":113,"column":47},"end":{"line":113,"column":48}},"loc":{"start":{"line":113,"column":67},"end":{"line":138,"column":1}},"line":113},"4":{"name":"(anonymous_4)","decl":{"start":{"line":144,"column":41},"end":{"line":144,"column":42}},"loc":{"start":{"line":144,"column":61},"end":{"line":162,"column":1}},"line":144}},"branchMap":{"0":{"loc":{"start":{"line":14,"column":4},"end":{"line":18,"column":5}},"type":"if","locations":[{"start":{"line":14,"column":4},"end":{"line":18,"column":5}},{"start":{},"end":{}}],"line":14},"1":{"loc":{"start":{"line":14,"column":8},"end":{"line":14,"column":64}},"type":"binary-expr","locations":[{"start":{"line":14,"column":8},"end":{"line":14,"column":15}},{"start":{"line":14,"column":19},"end":{"line":14,"column":30}},{"start":{"line":14,"column":34},"end":{"line":14,"column":47}},{"start":{"line":14,"column":51},"end":{"line":14,"column":64}}],"line":14},"2":{"loc":{"start":{"line":22,"column":4},"end":{"line":26,"column":5}},"type":"if","locations":[{"start":{"line":22,"column":4},"end":{"line":26,"column":5}},{"start":{},"end":{}}],"line":22},"3":{"loc":{"start":{"line":88,"column":4},"end":{"line":92,"column":5}},"type":"if","locations":[{"start":{"line":88,"column":4},"end":{"line":92,"column":5}},{"start":{},"end":{}}],"line":88},"4":{"loc":{"start":{"line":119,"column":4},"end":{"line":123,"column":5}},"type":"if","locations":[{"start":{"line":119,"column":4},"end":{"line":123,"column":5}},{"start":{},"end":{}}],"line":119}},"s":{"0":0,"1":0,"2":0,"3":0,"4":0,"5":0,"6":0,"7":0,"8":0,"9":0,"10":0,"11":0,"12":0,"13":0,"14":0,"15":0,"16":0,"17":0,"18":0,"19":0,"20":0,"21":0,"22":0,"23":0,"24":0,"25":0,"26":0,"27":0,"28":0,"29":0,"30":0,"31":0,"32":0,"33":0,"34":0,"35":0,"36":0,"37":0,"38":0,"39":0,"40":0,"41":0,"42":0,"43":0,"44":0,"45":0,"46":0,"47":0,"48":0,"49":0,"50":0,"51":0,"52":0},"f":{"0":0,"1":0,"2":0,"3":0,"4":0},"b":{"0":[0,0],"1":[0,0,0,0],"2":[0,0],"3":[0,0],"4":[0,0]}}
,"D:\\UNIVERSIDAD\\4º CARRERA\\TFG\\PROYECTO-TFG\\Proyecto-TFG\\Backend\\src\\routes\\index.js": {"path":"D:\\UNIVERSIDAD\\4º CARRERA\\TFG\\PROYECTO-TFG\\Proyecto-TFG\\Backend\\src\\routes\\index.js","statementMap":{"0":{"start":{"line":1,"column":14},"end":{"line":1,"column":32}},"1":{"start":{"line":2,"column":13},"end":{"line":2,"column":29}},"2":{"start":{"line":5,"column":0},"end":{"line":7,"column":3}},"3":{"start":{"line":6,"column":2},"end":{"line":6,"column":44}},"4":{"start":{"line":9,"column":0},"end":{"line":9,"column":24}}},"fnMap":{"0":{"name":"(anonymous_0)","decl":{"start":{"line":5,"column":16},"end":{"line":5,"column":17}},"loc":{"start":{"line":5,"column":41},"end":{"line":7,"column":1}},"line":5}},"branchMap":{},"s":{"0":0,"1":0,"2":0,"3":0,"4":0},"f":{"0":0},"b":{}}
,"D:\\UNIVERSIDAD\\4º CARRERA\\TFG\\PROYECTO-TFG\\Proyecto-TFG\\Backend\\src\\routes\\ml.js": {"path":"D:\\UNIVERSIDAD\\4º CARRERA\\TFG\\PROYECTO-TFG\\Proyecto-TFG\\Backend\\src\\routes\\ml.js","statementMap":{"0":{"start":{"line":1,"column":14},"end":{"line":1,"column":32}},"1":{"start":{"line":2,"column":12},"end":{"line":2,"column":28}},"2":{"start":{"line":3,"column":15},"end":{"line":3,"column":31}},"3":{"start":{"line":5,"column":15},"end":{"line":5,"column":38}},"4":{"start":{"line":8,"column":0},"end":{"line":15,"column":3}},"5":{"start":{"line":9,"column":4},"end":{"line":14,"column":5}},"6":{"start":{"line":10,"column":25},"end":{"line":10,"column":75}},"7":{"start":{"line":11,"column":8},"end":{"line":11,"column":32}},"8":{"start":{"line":13,"column":8},"end":{"line":13,"column":77}},"9":{"start":{"line":18,"column":0},"end":{"line":25,"column":3}},"10":{"start":{"line":19,"column":4},"end":{"line":24,"column":5}},"11":{"start":{"line":20,"column":25},"end":{"line":20,"column":72}},"12":{"start":{"line":21,"column":8},"end":{"line":21,"column":32}},"13":{"start":{"line":23,"column":8},"end":{"line":23,"column":55}},"14":{"start":{"line":28,"column":0},"end":{"line":35,"column":3}},"15":{"start":{"line":29,"column":4},"end":{"line":34,"column":5}},"16":{"start":{"line":30,"column":25},"end":{"line":30,"column":65}},"17":{"start":{"line":31,"column":8},"end":{"line":31,"column":32}},"18":{"start":{"line":33,"column":8},"end":{"line":33,"column":55}},"19":{"start":{"line":38,"column":0},"end":{"line":45,"column":3}},"20":{"start":{"line":39,"column":4},"end":{"line":44,"column":5}},"21":{"start":{"line":40,"column":25},"end":{"line":40,"column":95}},"22":{"start":{"line":41,"column":8},"end":{"line":41,"column":32}},"23":{"start":{"line":43,"column":8},"end":{"line":43,"column":55}},"24":{"start":{"line":48,"column":0},"end":{"line":55,"column":3}},"25":{"start":{"line":49,"column":4},"end":{"line":54,"column":5}},"26":{"start":{"line":50,"column":25},"end":{"line":50,"column":93}},"27":{"start":{"line":51,"column":8},"end":{"line":51,"column":32}},"28":{"start":{"line":53,"column":8},"end":{"line":53,"column":55}},"29":{"start":{"line":57,"column":0},"end":{"line":57,"column":24}}},"fnMap":{"0":{"name":"(anonymous_0)","decl":{"start":{"line":8,"column":37},"end":{"line":8,"column":38}},"loc":{"start":{"line":8,"column":57},"end":{"line":15,"column":1}},"line":8},"1":{"name":"(anonymous_1)","decl":{"start":{"line":18,"column":34},"end":{"line":18,"column":35}},"loc":{"start":{"line":18,"column":54},"end":{"line":25,"column":1}},"line":18},"2":{"name":"(anonymous_2)","decl":{"start":{"line":28,"column":27},"end":{"line":28,"column":28}},"loc":{"start":{"line":28,"column":47},"end":{"line":35,"column":1}},"line":28},"3":{"name":"(anonymous_3)","decl":{"start":{"line":38,"column":44},"end":{"line":38,"column":45}},"loc":{"start":{"line":38,"column":64},"end":{"line":45,"column":1}},"line":38},"4":{"name":"(anonymous_4)","decl":{"start":{"line":48,"column":42},"end":{"line":48,"column":43}},"loc":{"start":{"line":48,"column":62},"end":{"line":55,"column":1}},"line":48}},"branchMap":{},"s":{"0":0,"1":0,"2":0,"3":0,"4":0,"5":0,"6":0,"7":0,"8":0,"9":0,"10":0,"11":0,"12":0,"13":0,"14":0,"15":0,"16":0,"17":0,"18":0,"19":0,"20":0,"21":0,"22":0,"23":0,"24":0,"25":0,"26":0,"27":0,"28":0,"29":0},"f":{"0":0,"1":0,"2":0,"3":0,"4":0},"b":{}}
,"D:\\UNIVERSIDAD\\4º CARRERA\\TFG\\PROYECTO-TFG\\Proyecto-TFG\\Backend\\src\\routes\\stravaroutes.js": {"path":"D:\\UNIVERSIDAD\\4º CARRERA\\TFG\\PROYECTO-TFG\\Proyecto-TFG\\Backend\\src\\routes\\stravaroutes.js","statementMap":{"0":{"start":{"line":1,"column":14},"end":{"line":1,"column":32}},"1":{"start":{"line":2,"column":12},"end":{"line":2,"column":28}},"2":{"start":{"line":3,"column":11},"end":{"line":3,"column":42}},"3":{"start":{"line":4,"column":21},"end":{"line":4,"column":62}},"4":{"start":{"line":6,"column":15},"end":{"line":6,"column":31}},"5":{"start":{"line":9,"column":0},"end":{"line":14,"column":3}},"6":{"start":{"line":10,"column":2},"end":{"line":13,"column":5}},"7":{"start":{"line":16,"column":0},"end":{"line":21,"column":3}},"8":{"start":{"line":17,"column":19},"end":{"line":17,"column":47}},"9":{"start":{"line":18,"column":22},"end":{"line":18,"column":53}},"10":{"start":{"line":19,"column":18},"end":{"line":19,"column":168}},"11":{"start":{"line":20,"column":2},"end":{"line":20,"column":24}},"12":{"start":{"line":23,"column":0},"end":{"line":65,"column":3}},"13":{"start":{"line":24,"column":33},"end":{"line":24,"column":42}},"14":{"start":{"line":25,"column":2},"end":{"line":25,"column":74}},"15":{"start":{"line":25,"column":13},"end":{"line":25,"column":74}},"16":{"start":{"line":28,"column":27},"end":{"line":28,"column":74}},"17":{"start":{"line":30,"column":2},"end":{"line":30,"column":75}},"18":{"start":{"line":32,"column":2},"end":{"line":64,"column":3}},"19":{"start":{"line":33,"column":26},"end":{"line":39,"column":6}},"20":{"start":{"line":41,"column":65},"end":{"line":41,"column":83}},"21":{"start":{"line":43,"column":17},"end":{"line":55,"column":5}},"22":{"start":{"line":57,"column":4},"end":{"line":60,"column":7}},"23":{"start":{"line":62,"column":4},"end":{"line":62,"column":67}},"24":{"start":{"line":63,"column":4},"end":{"line":63,"column":57}},"25":{"start":{"line":67,"column":0},"end":{"line":134,"column":3}},"26":{"start":{"line":68,"column":2},"end":{"line":133,"column":3}},"27":{"start":{"line":69,"column":17},"end":{"line":69,"column":55}},"28":{"start":{"line":70,"column":4},"end":{"line":70,"column":79}},"29":{"start":{"line":70,"column":15},"end":{"line":70,"column":79}},"30":{"start":{"line":72,"column":4},"end":{"line":72,"column":64}},"31":{"start":{"line":74,"column":21},"end":{"line":77,"column":6}},"32":{"start":{"line":79,"column":4},"end":{"line":79,"column":78}},"33":{"start":{"line":81,"column":4},"end":{"line":124,"column":5}},"34":{"start":{"line":82,"column":27},"end":{"line":115,"column":7}},"35":{"start":{"line":117,"column":6},"end":{"line":117,"column":125}},"36":{"start":{"line":119,"column":6},"end":{"line":123,"column":8}},"37":{"start":{"line":126,"column":4},"end":{"line":129,"column":7}},"38":{"start":{"line":128,"column":47},"end":{"line":128,"column":66}},"39":{"start":{"line":131,"column":4},"end":{"line":131,"column":61}},"40":{"start":{"line":132,"column":4},"end":{"line":132,"column":51}},"41":{"start":{"line":135,"column":0},"end":{"line":153,"column":2}},"42":{"start":{"line":136,"column":2},"end":{"line":152,"column":3}},"43":{"start":{"line":137,"column":17},"end":{"line":137,"column":55}},"44":{"start":{"line":138,"column":4},"end":{"line":138,"column":78}},"45":{"start":{"line":138,"column":15},"end":{"line":138,"column":78}},"46":{"start":{"line":140,"column":21},"end":{"line":146,"column":5}},"47":{"start":{"line":148,"column":4},"end":{"line":148,"column":27}},"48":{"start":{"line":150,"column":4},"end":{"line":150,"column":74}},"49":{"start":{"line":151,"column":4},"end":{"line":151,"column":50}},"50":{"start":{"line":155,"column":0},"end":{"line":155,"column":24}}},"fnMap":{"0":{"name":"(anonymous_0)","decl":{"start":{"line":9,"column":22},"end":{"line":9,"column":23}},"loc":{"start":{"line":9,"column":36},"end":{"line":14,"column":1}},"line":9},"1":{"name":"(anonymous_1)","decl":{"start":{"line":16,"column":23},"end":{"line":16,"column":24}},"loc":{"start":{"line":16,"column":37},"end":{"line":21,"column":1}},"line":16},"2":{"name":"(anonymous_2)","decl":{"start":{"line":23,"column":24},"end":{"line":23,"column":25}},"loc":{"start":{"line":23,"column":44},"end":{"line":65,"column":1}},"line":23},"3":{"name":"(anonymous_3)","decl":{"start":{"line":67,"column":34},"end":{"line":67,"column":35}},"loc":{"start":{"line":67,"column":54},"end":{"line":134,"column":1}},"line":67},"4":{"name":"(anonymous_4)","decl":{"start":{"line":128,"column":42},"end":{"line":128,"column":43}},"loc":{"start":{"line":128,"column":47},"end":{"line":128,"column":66}},"line":128},"5":{"name":"(anonymous_5)","decl":{"start":{"line":135,"column":41},"end":{"line":135,"column":42}},"loc":{"start":{"line":135,"column":61},"end":{"line":153,"column":1}},"line":135}},"branchMap":{"0":{"loc":{"start":{"line":25,"column":2},"end":{"line":25,"column":74}},"type":"if","locations":[{"start":{"line":25,"column":2},"end":{"line":25,"column":74}},{"start":{},"end":{}}],"line":25},"1":{"loc":{"start":{"line":28,"column":27},"end":{"line":28,"column":74}},"type":"binary-expr","locations":[{"start":{"line":28,"column":27},"end":{"line":28,"column":39}},{"start":{"line":28,"column":43},"end":{"line":28,"column":74}}],"line":28},"2":{"loc":{"start":{"line":62,"column":28},"end":{"line":62,"column":65}},"type":"binary-expr","locations":[{"start":{"line":62,"column":28},"end":{"line":62,"column":48}},{"start":{"line":62,"column":52},"end":{"line":62,"column":65}}],"line":62},"3":{"loc":{"start":{"line":70,"column":4},"end":{"line":70,"column":79}},"type":"if","locations":[{"start":{"line":70,"column":4},"end":{"line":70,"column":79}},{"start":{},"end":{}}],"line":70},"4":{"loc":{"start":{"line":107,"column":21},"end":{"line":107,"column":51}},"type":"binary-expr","locations":[{"start":{"line":107,"column":21},"end":{"line":107,"column":42}},{"start":{"line":107,"column":46},"end":{"line":107,"column":51}}],"line":107},"5":{"loc":{"start":{"line":138,"column":4},"end":{"line":138,"column":78}},"type":"if","locations":[{"start":{"line":138,"column":4},"end":{"line":138,"column":78}},{"start":{},"end":{}}],"line":138},"6":{"loc":{"start":{"line":150,"column":36},"end":{"line":150,"column":73}},"type":"binary-expr","locations":[{"start":{"line":150,"column":36},"end":{"line":150,"column":56}},{"start":{"line":150,"column":60},"end":{"line":150,"column":73}}],"line":150}},"s":{"0":1,"1":1,"2":1,"3":1,"4":1,"5":1,"6":1,"7":1,"8":0,"9":0,"10":0,"11":0,"12":1,"13":3,"14":3,"15":1,"16":2,"17":2,"18":2,"19":2,"20":1,"21":1,"22":1,"23":1,"24":1,"25":1,"26":3,"27":3,"28":3,"29":1,"30":2,"31":2,"32":1,"33":1,"34":1,"35":1,"36":1,"37":1,"38":1,"39":1,"40":1,"41":1,"42":3,"43":3,"44":3,"45":1,"46":2,"47":1,"48":1,"49":1,"50":1},"f":{"0":1,"1":0,"2":3,"3":3,"4":1,"5":3},"b":{"0":[1,2],"1":[2,2],"2":[1,1],"3":[1,2],"4":[1,1],"5":[1,2],"6":[1,1]},"_coverageSchema":"1a1c01bbd47fc00a2c39e90264f33305004495a9","hash":"dfaa64b6d8ba8a4aab524ba4f084fc7b00510935"}
,"D:\\UNIVERSIDAD\\4º CARRERA\\TFG\\PROYECTO-TFG\\Proyecto-TFG\\Backend\\src\\routes\\users.js": {"path":"D:\\UNIVERSIDAD\\4º CARRERA\\TFG\\PROYECTO-TFG\\Proyecto-TFG\\Backend\\src\\routes\\users.js","statementMap":{"0":{"start":{"line":1,"column":14},"end":{"line":1,"column":32}},"1":{"start":{"line":2,"column":11},"end":{"line":2,"column":42}},"2":{"start":{"line":3,"column":13},"end":{"line":3,"column":29}},"3":{"start":{"line":6,"column":0},"end":{"line":8,"column":3}},"4":{"start":{"line":7,"column":2},"end":{"line":7,"column":38}},"5":{"start":{"line":11,"column":0},"end":{"line":26,"column":3}},"6":{"start":{"line":12,"column":2},"end":{"line":25,"column":3}},"7":{"start":{"line":13,"column":17},"end":{"line":13,"column":55}},"8":{"start":{"line":14,"column":4},"end":{"line":14,"column":79}},"9":{"start":{"line":14,"column":15},"end":{"line":14,"column":79}},"10":{"start":{"line":16,"column":4},"end":{"line":22,"column":7}},"11":{"start":{"line":24,"column":4},"end":{"line":24,"column":51}},"12":{"start":{"line":28,"column":0},"end":{"line":28,"column":24}}},"fnMap":{"0":{"name":"(anonymous_0)","decl":{"start":{"line":6,"column":16},"end":{"line":6,"column":17}},"loc":{"start":{"line":6,"column":41},"end":{"line":8,"column":1}},"line":6},"1":{"name":"(anonymous_1)","decl":{"start":{"line":11,"column":23},"end":{"line":11,"column":24}},"loc":{"start":{"line":11,"column":43},"end":{"line":26,"column":1}},"line":11}},"branchMap":{"0":{"loc":{"start":{"line":14,"column":4},"end":{"line":14,"column":79}},"type":"if","locations":[{"start":{"line":14,"column":4},"end":{"line":14,"column":79}},{"start":{},"end":{}}],"line":14}},"s":{"0":0,"1":0,"2":0,"3":0,"4":0,"5":0,"6":0,"7":0,"8":0,"9":0,"10":0,"11":0,"12":0},"f":{"0":0,"1":0},"b":{"0":[0,0]}}
}
