TN:
SF:src\app.js
FN:43,(anonymous_0)
FN:48,(anonymous_1)
FNF:2
FNH:0
FNDA:0,(anonymous_0)
FNDA:0,(anonymous_1)
DA:1,0
DA:2,0
DA:3,0
DA:4,0
DA:5,0
DA:6,0
DA:8,0
DA:9,0
DA:10,0
DA:11,0
DA:12,0
DA:13,0
DA:14,0
DA:16,0
DA:19,0
DA:27,0
DA:28,0
DA:29,0
DA:30,0
DA:31,0
DA:33,0
DA:34,0
DA:35,0
DA:36,0
DA:37,0
DA:38,0
DA:39,0
DA:43,0
DA:44,0
DA:48,0
DA:49,0
DA:55,0
LF:32
LH:0
BRDA:49,0,0,0
BRDA:49,0,1,0
BRDA:51,1,0,0
BRDA:51,1,1,0
BRF:4
BRH:0
end_of_record
TN:
SF:src\config\database.js
FN:3,(anonymous_0)
FN:15,(anonymous_1)
FN:19,(anonymous_2)
FNF:3
FNH:0
FNDA:0,(anonymous_0)
FNDA:0,(anonymous_1)
FNDA:0,(anonymous_2)
DA:1,0
DA:3,0
DA:4,0
DA:5,0
DA:7,0
DA:8,0
DA:9,0
DA:12,0
DA:14,0
DA:16,0
DA:17,0
DA:20,0
DA:21,0
DA:25,0
LF:14
LH:0
BRDA:7,0,0,0
BRDA:7,0,1,0
BRDA:7,1,0,0
BRDA:7,1,1,0
BRF:4
BRH:0
end_of_record
TN:
SF:src\models\AnalyzedActivity.model.js
FNF:0
FNH:0
DA:1,0
DA:3,0
DA:36,0
DA:38,0
DA:40,0
LF:5
LH:0
BRF:0
BRH:0
end_of_record
TN:
SF:src\models\StravaActivity.model.js
FNF:0
FNH:0
DA:2,0
DA:4,0
DA:112,0
LF:3
LH:0
BRF:0
BRH:0
end_of_record
TN:
SF:src\models\User.model.js
FNF:0
FNH:0
DA:2,0
DA:4,0
DA:32,0
LF:3
LH:0
BRF:0
BRH:0
end_of_record
TN:
SF:src\routes\GroqRoutes.js
FN:7,(anonymous_0)
FN:15,(anonymous_1)
FNF:2
FNH:0
FNDA:0,(anonymous_0)
FNDA:0,(anonymous_1)
DA:1,0
DA:2,0
DA:3,0
DA:5,0
DA:7,0
DA:8,0
DA:13,0
DA:15,0
DA:16,0
DA:19,0
DA:79,0
DA:86,0
DA:89,0
DA:92,0
DA:93,0
DA:94,0
DA:97,0
DA:100,0
DA:101,0
DA:105,0
LF:20
LH:0
BRDA:16,0,0,0
BRDA:16,0,1,0
BRDA:16,1,0,0
BRDA:16,1,1,0
BRDA:16,2,0,0
BRDA:16,2,1,0
BRDA:30,3,0,0
BRDA:30,3,1,0
BRDA:30,4,0,0
BRDA:30,4,1,0
BRDA:33,5,0,0
BRDA:33,5,1,0
BRDA:33,6,0,0
BRDA:33,6,1,0
BRDA:86,7,0,0
BRDA:86,7,1,0
BRDA:92,8,0,0
BRDA:92,8,1,0
BRDA:94,9,0,0
BRDA:94,9,1,0
BRF:20
BRH:0
end_of_record
TN:
SF:src\routes\activities.js
FN:8,(anonymous_0)
FN:26,(anonymous_1)
FN:38,(anonymous_2)
FNF:3
FNH:3
FNDA:3,(anonymous_0)
FNDA:2,(anonymous_1)
FNDA:2,(anonymous_2)
DA:1,1
DA:2,1
DA:3,1
DA:5,1
DA:8,1
DA:9,3
DA:10,3
DA:11,2
DA:13,1
DA:16,1
DA:21,1
DA:26,1
DA:27,2
DA:28,2
DA:29,2
DA:31,1
DA:33,0
DA:38,1
DA:39,2
DA:40,2
DA:41,2
DA:43,1
DA:48,1
DA:54,0
DA:58,1
LF:25
LH:23
BRDA:11,0,0,1
BRDA:11,0,1,1
BRDA:29,1,0,1
BRDA:29,1,1,1
BRDA:41,2,0,1
BRDA:41,2,1,1
BRF:6
BRH:6
end_of_record
TN:
SF:src\routes\analyzed.js
FN:9,(anonymous_0)
FN:59,(anonymous_1)
FN:82,(anonymous_2)
FN:113,(anonymous_3)
FN:144,(anonymous_4)
FNF:5
FNH:0
FNDA:0,(anonymous_0)
FNDA:0,(anonymous_1)
FNDA:0,(anonymous_2)
FNDA:0,(anonymous_3)
FNDA:0,(anonymous_4)
DA:1,0
DA:2,0
DA:3,0
DA:9,0
DA:10,0
DA:11,0
DA:14,0
DA:15,0
DA:21,0
DA:22,0
DA:23,0
DA:29,0
DA:38,0
DA:40,0
DA:41,0
DA:47,0
DA:48,0
DA:59,0
DA:60,0
DA:61,0
DA:63,0
DA:66,0
DA:67,0
DA:70,0
DA:71,0
DA:82,0
DA:83,0
DA:84,0
DA:86,0
DA:88,0
DA:89,0
DA:94,0
DA:95,0
DA:101,0
DA:102,0
DA:113,0
DA:114,0
DA:115,0
DA:117,0
DA:119,0
DA:120,0
DA:125,0
DA:126,0
DA:132,0
DA:133,0
DA:144,0
DA:145,0
DA:146,0
DA:148,0
DA:150,0
DA:156,0
DA:157,0
DA:164,0
LF:53
LH:0
BRDA:14,0,0,0
BRDA:14,0,1,0
BRDA:14,1,0,0
BRDA:14,1,1,0
BRDA:14,1,2,0
BRDA:14,1,3,0
BRDA:22,2,0,0
BRDA:22,2,1,0
BRDA:88,3,0,0
BRDA:88,3,1,0
BRDA:119,4,0,0
BRDA:119,4,1,0
BRF:12
BRH:0
end_of_record
TN:
SF:src\routes\index.js
FN:5,(anonymous_0)
FNF:1
FNH:0
FNDA:0,(anonymous_0)
DA:1,0
DA:2,0
DA:5,0
DA:6,0
DA:9,0
LF:5
LH:0
BRF:0
BRH:0
end_of_record
TN:
SF:src\routes\ml.js
FN:8,(anonymous_0)
FN:18,(anonymous_1)
FN:28,(anonymous_2)
FN:38,(anonymous_3)
FN:48,(anonymous_4)
FNF:5
FNH:0
FNDA:0,(anonymous_0)
FNDA:0,(anonymous_1)
FNDA:0,(anonymous_2)
FNDA:0,(anonymous_3)
FNDA:0,(anonymous_4)
DA:1,0
DA:2,0
DA:3,0
DA:5,0
DA:8,0
DA:9,0
DA:10,0
DA:11,0
DA:13,0
DA:18,0
DA:19,0
DA:20,0
DA:21,0
DA:23,0
DA:28,0
DA:29,0
DA:30,0
DA:31,0
DA:33,0
DA:38,0
DA:39,0
DA:40,0
DA:41,0
DA:43,0
DA:48,0
DA:49,0
DA:50,0
DA:51,0
DA:53,0
DA:57,0
LF:30
LH:0
BRF:0
BRH:0
end_of_record
TN:
SF:src\routes\stravaroutes.js
FN:9,(anonymous_0)
FN:16,(anonymous_1)
FN:23,(anonymous_2)
FN:67,(anonymous_3)
FN:128,(anonymous_4)
FN:135,(anonymous_5)
FNF:6
FNH:5
FNDA:1,(anonymous_0)
FNDA:0,(anonymous_1)
FNDA:3,(anonymous_2)
FNDA:3,(anonymous_3)
FNDA:1,(anonymous_4)
FNDA:3,(anonymous_5)
DA:1,1
DA:2,1
DA:3,1
DA:4,1
DA:6,1
DA:9,1
DA:10,1
DA:16,1
DA:17,0
DA:18,0
DA:19,0
DA:20,0
DA:23,1
DA:24,3
DA:25,3
DA:28,2
DA:30,2
DA:32,2
DA:33,2
DA:41,1
DA:43,1
DA:57,1
DA:62,1
DA:63,1
DA:67,1
DA:68,3
DA:69,3
DA:70,3
DA:72,2
DA:74,2
DA:79,1
DA:81,1
DA:82,1
DA:117,1
DA:119,1
DA:126,1
DA:128,1
DA:131,1
DA:132,1
DA:135,1
DA:136,3
DA:137,3
DA:138,3
DA:140,2
DA:148,1
DA:150,1
DA:151,1
DA:155,1
LF:48
LH:44
BRDA:25,0,0,1
BRDA:25,0,1,2
BRDA:28,1,0,2
BRDA:28,1,1,2
BRDA:62,2,0,1
BRDA:62,2,1,1
BRDA:70,3,0,1
BRDA:70,3,1,2
BRDA:107,4,0,1
BRDA:107,4,1,1
BRDA:138,5,0,1
BRDA:138,5,1,2
BRDA:150,6,0,1
BRDA:150,6,1,1
BRF:14
BRH:14
end_of_record
TN:
SF:src\routes\users.js
FN:6,(anonymous_0)
FN:11,(anonymous_1)
FNF:2
FNH:0
FNDA:0,(anonymous_0)
FNDA:0,(anonymous_1)
DA:1,0
DA:2,0
DA:3,0
DA:6,0
DA:7,0
DA:11,0
DA:12,0
DA:13,0
DA:14,0
DA:16,0
DA:24,0
DA:28,0
LF:12
LH:0
BRDA:14,0,0,0
BRDA:14,0,1,0
BRF:2
BRH:0
end_of_record
